Using pre-set license
Built from '2020.3/staging' branch; Version is '2020.3.13f1 (71691879b7f5) revision 7432472'; Using compiler version '192528614'; Build Type 'Release'
OS: 'Windows 10 Home; OS build 19043.1348; Version 2009; 64bit' Language: 'ko' Physical Memory: 8058 MB
BatchMode: 1, IsHumanControllingUs: 0, StartBugReporterOnCrash: 0, Is64bit: 1, IsPro: 0

 COMMAND LINE ARGUMENTS:
C:\Program Files\Unity\Hub\Editor\2020.3.13f1\Editor\Unity.exe
-adb2
-batchMode
-noUpm
-name
AssetImportWorker1
-projectPath
D:/StheJ Games/Yeil_Study/20211101_YeilStudyFileAll/Unity/ParodiusJJAP
-logFile
Logs/AssetImportWorker1.log
-srvPort
58616
Successfully changed project path to: D:/StheJ Games/Yeil_Study/20211101_YeilStudyFileAll/Unity/ParodiusJJAP
D:/StheJ Games/Yeil_Study/20211101_YeilStudyFileAll/Unity/ParodiusJJAP
Using Asset Import Pipeline V2.
Refreshing native plugins compatible for Editor in 61.87 ms, found 3 plugins.
Preloading 0 native plugins for Editor in 0.00 ms.
Initialize engine version: 2020.3.13f1 (71691879b7f5)
[Subsystems] Discovering subsystems at path C:/Program Files/Unity/Hub/Editor/2020.3.13f1/Editor/Data/Resources/UnitySubsystems
[Subsystems] Discovering subsystems at path D:/StheJ Games/Yeil_Study/20211101_YeilStudyFileAll/Unity/ParodiusJJAP/Assets
GfxDevice: creating device client; threaded=0
Direct3D:
    Version:  Direct3D 11.0 [level 11.1]
    Renderer: NVIDIA GeForce GTX 1050 Ti (ID=0x1c8c)
    Vendor:   
    VRAM:     4018 MB
    Driver:   27.21.14.5167
Initialize mono
Mono path[0] = 'C:/Program Files/Unity/Hub/Editor/2020.3.13f1/Editor/Data/Managed'
Mono path[1] = 'C:/Program Files/Unity/Hub/Editor/2020.3.13f1/Editor/Data/MonoBleedingEdge/lib/mono/unityjit'
Mono config path = 'C:/Program Files/Unity/Hub/Editor/2020.3.13f1/Editor/Data/MonoBleedingEdge/etc'
Using monoOptions --debugger-agent=transport=dt_socket,embedding=1,server=y,suspend=n,address=127.0.0.1:56104
Begin MonoManager ReloadAssembly
Registering precompiled unity dll's ...
Register platform support module: C:/Program Files/Unity/Hub/Editor/2020.3.13f1/Editor/Data/PlaybackEngines/WindowsStandaloneSupport/UnityEditor.WindowsStandalone.Extensions.dll
Registered in 0.002541 seconds.
Native extension for WindowsStandalone target not found
Refreshing native plugins compatible for Editor in 59.83 ms, found 3 plugins.
Preloading 0 native plugins for Editor in 0.00 ms.
Mono: successfully reloaded assembly
- Completed reload, in  2.255 seconds
Platform modules already initialized, skipping
Registering precompiled user dll's ...
Registered in 0.004236 seconds.
Begin MonoManager ReloadAssembly
Native extension for WindowsStandalone target not found
Refreshing native plugins compatible for Editor in 49.31 ms, found 3 plugins.
Preloading 0 native plugins for Editor in 0.00 ms.
Mono: successfully reloaded assembly
- Completed reload, in  2.425 seconds
Platform modules already initialized, skipping
========================================================================
Worker process is ready to serve import requests
Launched and connected shader compiler UnityShaderCompiler.exe after 0.10 seconds
Refreshing native plugins compatible for Editor in 0.53 ms, found 3 plugins.
Preloading 0 native plugins for Editor in 0.00 ms.
Unloading 2217 Unused Serialized files (Serialized files now loaded: 0)
System memory in use before: 96.5 MB.
System memory in use after: 96.6 MB.

Unloading 26 unused Assets to reduce memory usage. Loaded Objects now: 2658.
Total: 3.521100 ms (FindLiveObjects: 0.209800 ms CreateObjectMapping: 0.074300 ms MarkObjects: 2.699000 ms  DeleteObjects: 0.536900 ms)

AssetImportParameters requested are different than current active one (requested -> active):
  custom:framework-win-MediaFoundation: 216162199b28c13a410421893ffa2e32 -> 
  custom:video-decoder-ogg-theora: a1e56fd34408186e4bbccfd4996cb3dc -> 
  custom:container-muxer-webm: aa71ff27fc2769a1b78a27578f13a17b -> 
  custom:container-demuxer-webm: 4f35f7cbe854078d1ac9338744f61a02 -> 
  custom:container-demuxer-ogg: 62fdf1f143b41e24485cea50d1cbac27 -> 
  custom:video-encoder-webm-vp8: eb34c28f22e8b96e1ab97ce403110664 -> 
  custom:video-decoder-webm-vp8: 9c59270c3fd7afecdb556c50c9e8de78 -> 
  custom:audio-decoder-ogg-vorbis: bf7c407c2cedff20999df2af8eb42d56 -> 
  custom:audio-encoder-webm-vorbis: bf7c407c2cedff20999df2af8eb42d56 -> 
========================================================================
Received Import Request.
  path: Assets/06. Animations/LandWave.anim
  artifactKey: Guid(088af77ec68839d40897242c8aa04ddb) Importer(815301076,1909f56bfc062723c751e8b465ee728b)
Start importing Assets/06. Animations/LandWave.anim using Guid(088af77ec68839d40897242c8aa04ddb) Importer(815301076,1909f56bfc062723c751e8b465ee728b)  -> (artifact id: '591cf4c063e4b63fdce73df7c74450e4') in 0.110306 seconds 
  Import took 0.124644 seconds .

========================================================================
Received Import Request.
  Time since last request: 0.000854 seconds.
  path: Assets/06. Animations/ImageWave.controller
  artifactKey: Guid(7192049dbface5848b55dd0de0d88d8a) Importer(815301076,1909f56bfc062723c751e8b465ee728b)
Start importing Assets/06. Animations/ImageWave.controller using Guid(7192049dbface5848b55dd0de0d88d8a) Importer(815301076,1909f56bfc062723c751e8b465ee728b)  -> (artifact id: 'b5b22959c48c55c8d6ae4fb832b5a2b2') in 0.046666 seconds 
  Import took 0.071157 seconds .

========================================================================
Received Import Request.
  Time since last request: 2037.821492 seconds.
  path: Assets/02. Scripts/Player/OptionPantarou.cs
  artifactKey: Guid(73f392c16437e814ebeb2ffa5bf20f19) Importer(815301076,1909f56bfc062723c751e8b465ee728b)
Start importing Assets/02. Scripts/Player/OptionPantarou.cs using Guid(73f392c16437e814ebeb2ffa5bf20f19) Importer(815301076,1909f56bfc062723c751e8b465ee728b)  -> (artifact id: '526a41bf8cc7fcebd43602e4528b9be0') in 0.085687 seconds 
  Import took 0.251192 seconds .

AssetImportWorkerClient::OnTransportError - code=2 error=End of file
